<?xml version="1.0" encoding="UTF-8"?>
<testsuite xmlns:xsi="http://www.w3.org/2001/XMLSchema-instance" xsi:noNamespaceSchemaLocation="https://maven.apache.org/surefire/maven-surefire-plugin/xsd/surefire-test-report.xsd" name="US1005 Kullanici configuration.properties&apos;de yazilan datalari parametre olarak kullanir" time="14.507" tests="3" errors="0" skipped="0" failures="0">
  <properties>
[...]
</properties>
  <testcase name="TC06 Kullanici amazon sitesine gidisi test eder" classname="US1005 Kullanici configuration.properties&apos;de yazilan datalari parametre olarak kullanir" time="3.87"/>
  <testcase name="TC07 Kullanici wisequarter sitesine gidisi test eder" classname="US1005 Kullanici configuration.properties&apos;de yazilan datalari parametre olarak kullanir" time="5.397"/>
  <testcase name="TC08 Kullanici walmart sitesine gidisi test eder" classname="US1005 Kullanici configuration.properties&apos;de yazilan datalari parametre olarak kullanir" time="5.24"/>
</testsuite>